Streaming transaction logs mentioning G3dDgLNsvXbwk3VEwdaJ48Ju7Cruk3M9Xk3kQwhAZKht. Confirmed commitment
Transaction executed in slot 380222592:
  Signature: 58dCjUBt1Zmv1cVuGjN8Bd8V5vVwGChrvASS3wZDPTRGCJzMUR9dmHGsHyxEg1aAfFFAwy5LR3QRAG4ruHJbMs64
  Status: Ok
  Log Messages:
    Program G3dDgLNsvXbwk3VEwdaJ48Ju7Cruk3M9Xk3kQwhAZKht invoke [1]
    Program log: Instruction: Initialize
    Program log: Greetings from: G3dDgLNsvXbwk3VEwdaJ48Ju7Cruk3M9Xk3kQwhAZKht
    Program G3dDgLNsvXbwk3VEwdaJ48Ju7Cruk3M9Xk3kQwhAZKht consumed 11794 of 200000 compute units
    Program G3dDgLNsvXbwk3VEwdaJ48Ju7Cruk3M9Xk3kQwhAZKht success
Transaction executed in slot 380222604:
  Signature: y7WtZXCA7Dv2at2i1Mm2wpMKDbm7qZ5msccrWoGtNn4uCLF8PjSiK6xYUSnMRJzHcmfGtGoNrSEuA2TT6yj7DVx
  Status: Ok
  Log Messages:
    Program G3dDgLNsvXbwk3VEwdaJ48Ju7Cruk3M9Xk3kQwhAZKht invoke [1]
    Program log: Instruction: CreateTokenMint
    Program 11111111111111111111111111111111 invoke [2]
    Program 11111111111111111111111111111111 success
    Program TokenzQdBNbLqP5VEhdkAS6EPFLC1PHnBqCXEpPxuEb invoke [2]
    Program log: MetadataPointerInstruction::Initialize
    Program TokenzQdBNbLqP5VEhdkAS6EPFLC1PHnBqCXEpPxuEb consumed 885 of 193005 compute units
    Program TokenzQdBNbLqP5VEhdkAS6EPFLC1PHnBqCXEpPxuEb success
    Program TokenzQdBNbLqP5VEhdkAS6EPFLC1PHnBqCXEpPxuEb invoke [2]
    Program log: Instruction: InitializeMint2
    Program TokenzQdBNbLqP5VEhdkAS6EPFLC1PHnBqCXEpPxuEb consumed 1962 of 190179 compute units
    Program TokenzQdBNbLqP5VEhdkAS6EPFLC1PHnBqCXEpPxuEb success
    Program 11111111111111111111111111111111 invoke [2]
    Program 11111111111111111111111111111111 success
    Program TokenzQdBNbLqP5VEhdkAS6EPFLC1PHnBqCXEpPxuEb invoke [2]
    Program log: TokenMetadataInstruction: Initialize
    Program TokenzQdBNbLqP5VEhdkAS6EPFLC1PHnBqCXEpPxuEb consumed 3942 of 180614 compute units
    Program TokenzQdBNbLqP5VEhdkAS6EPFLC1PHnBqCXEpPxuEb success
    Program log: Mint Account: InterfaceAccount { account: Mint(Mint { mint_authority: Some(AMCG5JxQ9CfRtRo4JpuducBKrkeAgP7QFzm3xb6pfSbb), supply: 0, decimals: 9, is_initialized: true, freeze_authority: Some(AMCG5JxQ9CfRtRo4JpuducBKrkeAgP7QFzm3xb6pfSbb) }), info: AccountInfo { key: 9tRbLwrMqR4RaWLbLdRJGW8fKsd3ft7pUwp2nTHtJcdZ, owner: TokenzQdBNbLqP5VEhdkAS6EPFLC1PHnBqCXEpPxuEb, is_signer: true, is_writable: true, executable: false, rent_epoch: 18446744073709551615, lamports: 3187680, data.len: 330, data: 010000008ae587b69cd8d38ff903f45611fb2277aebc7d92ddad7548b50642195748185a00000000000000000901010000008ae587b69cd8d38ff903f45611fb, .. } }
    Program G3dDgLNsvXbwk3VEwdaJ48Ju7Cruk3M9Xk3kQwhAZKht consumed 91419 of 200000 compute units
    Program G3dDgLNsvXbwk3VEwdaJ48Ju7Cruk3M9Xk3kQwhAZKht success
